<?xml version="1.0" encoding="UTF-8"?>
<testsuite xmlns:xsi="http://www.w3.org/2001/XMLSchema-instance" xsi:noNamespaceSchemaLocation="https://maven.apache.org/surefire/maven-surefire-plugin/xsd/surefire-test-report.xsd" name="com.apexretail.utilities.TemperatureConverterTest" time="0.084" tests="19" errors="0" skipped="0" failures="0">
  <properties>
[...]
</properties>
  <testcase name="testZeroConversions" classname="com.apexretail.utilities.TemperatureConverterTest" time="0.013"/>
  <testcase name="testExtremeValues" classname="com.apexretail.utilities.TemperatureConverterTest" time="0.001"/>
  <testcase name="testDirectVsIndirectConversions" classname="com.apexretail.utilities.TemperatureConverterTest" time="0"/>
  <testcase name="testConversionSymmetry{double}[1]" classname="com.apexretail.utilities.TemperatureConverterTest" time="0.016"/>
  <testcase name="testConversionSymmetry{double}[2]" classname="com.apexretail.utilities.TemperatureConverterTest" time="0.001"/>
  <testcase name="testConversionSymmetry{double}[3]" classname="com.apexretail.utilities.TemperatureConverterTest" time="0.001"/>
  <testcase name="testConversionSymmetry{double}[4]" classname="com.apexretail.utilities.TemperatureConverterTest" time="0"/>
  <testcase name="testConversionSymmetry{double}[5]" classname="com.apexretail.utilities.TemperatureConverterTest" time="0"/>
  <testcase name="testConversionSymmetry{double}[6]" classname="com.apexretail.utilities.TemperatureConverterTest" time="0.001"/>
  <testcase name="testKnownConversions{double, double, double}[1]" classname="com.apexretail.utilities.TemperatureConverterTest" time="0.002"/>
  <testcase name="testKnownConversions{double, double, double}[2]" classname="com.apexretail.utilities.TemperatureConverterTest" time="0"/>
  <testcase name="testKnownConversions{double, double, double}[3]" classname="com.apexretail.utilities.TemperatureConverterTest" time="0"/>
  <testcase name="testKnownConversions{double, double, double}[4]" classname="com.apexretail.utilities.TemperatureConverterTest" time="0"/>
  <testcase name="testKnownConversions{double, double, double}[5]" classname="com.apexretail.utilities.TemperatureConverterTest" time="0.001"/>
  <testcase name="testKnownConversions{double, double, double}[6]" classname="com.apexretail.utilities.TemperatureConverterTest" time="0.001"/>
  <testcase name="testAbsoluteZeroBoundaries" classname="com.apexretail.utilities.TemperatureConverterTest" time="0.001"/>
  <testcase name="testTemperatureRangeRoundTrip" classname="com.apexretail.utilities.TemperatureConverterTest" time="0"/>
  <testcase name="testNaNAndInfinity" classname="com.apexretail.utilities.TemperatureConverterTest" time="0"/>
  <testcase name="testPrecisionAfterMultipleConversions" classname="com.apexretail.utilities.TemperatureConverterTest" time="0"/>
</testsuite>